
*** Running vivado
    with args -log EJ1_N_BITS.vds -m64 -product Vivado -mode batch -messageDb vivado.pb -notrace -source EJ1_N_BITS.tcl



****** Vivado v2021.1 (64-bit)
  **** SW Build 3247384 on Thu Jun 10 19:36:33 MDT 2021
  **** IP Build 3246043 on Fri Jun 11 00:30:35 MDT 2021
    ** Copyright 1986-2021 Xilinx, Inc. All Rights Reserved.

source EJ1_N_BITS.tcl -notrace
Command: synth_design -top EJ1_N_BITS -part xc7a100tcsg324-1
Starting synth_design
Attempting to get a license for feature 'Synthesis' and/or device 'xc7a100t'
INFO: [Common 17-349] Got license for feature 'Synthesis' and/or device 'xc7a100t'
INFO: [Synth 8-7079] Multithreading enabled for synth_design using a maximum of 2 processes.
INFO: [Synth 8-7078] Launching helper process for spawning children vivado processes
INFO: [Synth 8-7075] Helper process launched with PID 17964
---------------------------------------------------------------------------------
Starting Synthesize : Time (s): cpu = 00:00:06 ; elapsed = 00:00:07 . Memory (MB): peak = 1126.508 ; gain = 0.000
---------------------------------------------------------------------------------
INFO: [Synth 8-638] synthesizing module 'EJ1_N_BITS' [C:/Users/ainho/project_EXAMEN_1/project_EXAMEN_1.srcs/sources_1/new/EJ1_N_BITS.vhd:41]
INFO: [Synth 8-226] default block is never used [C:/Users/ainho/project_EXAMEN_1/project_EXAMEN_1.srcs/sources_1/new/EJ1_N_BITS.vhd:48]
INFO: [Synth 8-256] done synthesizing module 'EJ1_N_BITS' (1#1) [C:/Users/ainho/project_EXAMEN_1/project_EXAMEN_1.srcs/sources_1/new/EJ1_N_BITS.vhd:41]
TclStackFree: incorrect freePtr. Call out of sequence?
